# JRE version: Java(TM) SE Runtime Environment (12.0.2+10) (build 12.0.2+10)
# Java VM: Java HotSpot(TM) 64-Bit Server VM (12.0.2+10, mixed mode, sharing, tiered, compressed oops, g1 gc, bsd-amd64)
Heap:
 garbage-first heap   total 159744K, used 28843K [0x0000000780000000, 0x0000000800000000)
  region size 1024K, 10 young (10240K), 5 survivors (5120K)
 Metaspace       used 16348K, capacity 16912K, committed 17280K, reserved 1064960K
  class space    used 2065K, capacity 2317K, committed 2432K, reserved 1048576K
GC Heap History (10 events):
Event: 0.848 GC heap before
{Heap before GC invocations=0 (full 0):
 garbage-first heap   total 133120K, used 28384K [0x0000000780000000, 0x0000000800000000)
  region size 1024K, 24 young (24576K), 0 survivors (0K)
 Metaspace       used 7901K, capacity 8282K, committed 8576K, reserved 1056768K
  class space    used 895K, capacity 1048K, committed 1152K, reserved 1048576K
}
Event: 0.858 GC heap after
{Heap after GC invocations=1 (full 0):
 garbage-first heap   total 133120K, used 7617K [0x0000000780000000, 0x0000000800000000)
  region size 1024K, 3 young (3072K), 3 survivors (3072K)
 Metaspace       used 7901K, capacity 8282K, committed 8576K, reserved 1056768K
  class space    used 895K, capacity 1048K, committed 1152K, reserved 1048576K
}
Event: 1.046 GC heap before
{Heap before GC invocations=1 (full 0):
 garbage-first heap   total 133120K, used 82369K [0x0000000780000000, 0x0000000800000000)
  region size 1024K, 76 young (77824K), 3 survivors (3072K)
 Metaspace       used 10096K, capacity 10533K, committed 10624K, reserved 1058816K
  class space    used 1202K, capacity 1405K, committed 1408K, reserved 1048576K
}
Event: 1.049 GC heap after
{Heap after GC invocations=2 (full 0):
 garbage-first heap   total 133120K, used 8077K [0x0000000780000000, 0x0000000800000000)
  region size 1024K, 4 young (4096K), 4 survivors (4096K)
 Metaspace       used 10096K, capacity 10533K, committed 10624K, reserved 1058816K
  class space    used 1202K, capacity 1405K, committed 1408K, reserved 1048576K
}
Event: 1.102 GC heap before
{Heap before GC invocations=2 (full 0):
 garbage-first heap   total 133120K, used 81805K [0x0000000780000000, 0x0000000800000000)
  region size 1024K, 76 young (77824K), 4 survivors (4096K)
 Metaspace       used 10098K, capacity 10533K, committed 10624K, reserved 1058816K
  class space    used 1202K, capacity 1405K, committed 1408K, reserved 1048576K
}
Event: 1.105 GC heap after
{Heap after GC invocations=3 (full 0):
 garbage-first heap   total 133120K, used 8271K [0x0000000780000000, 0x0000000800000000)
  region size 1024K, 4 young (4096K), 4 survivors (4096K)
 Metaspace       used 10098K, capacity 10533K, committed 10624K, reserved 1058816K
  class space    used 1202K, capacity 1405K, committed 1408K, reserved 1048576K
}
Event: 1.163 GC heap before
{Heap before GC invocations=3 (full 0):
 garbage-first heap   total 133120K, used 81999K [0x0000000780000000, 0x0000000800000000)
  region size 1024K, 76 young (77824K), 4 survivors (4096K)
 Metaspace       used 10114K, capacity 10597K, committed 10624K, reserved 1058816K
  class space    used 1202K, capacity 1405K, committed 1408K, reserved 1048576K
}
Event: 1.166 GC heap after
{Heap after GC invocations=4 (full 0):
 garbage-first heap   total 133120K, used 8191K [0x0000000780000000, 0x0000000800000000)
  region size 1024K, 4 young (4096K), 4 survivors (4096K)
 Metaspace       used 10114K, capacity 10597K, committed 10624K, reserved 1058816K
  class space    used 1202K, capacity 1405K, committed 1408K, reserved 1048576K
}
Event: 10.366 GC heap before
{Heap before GC invocations=4 (full 0):
 garbage-first heap   total 133120K, used 97279K [0x0000000780000000, 0x0000000800000000)
  region size 1024K, 76 young (77824K), 4 survivors (4096K)
 Metaspace       used 15745K, capacity 16292K, committed 16384K, reserved 1062912K
  class space    used 1980K, capacity 2256K, committed 2304K, reserved 1048576K
}
Event: 10.371 GC heap after
{Heap after GC invocations=5 (full 0):
 garbage-first heap   total 159744K, used 24747K [0x0000000780000000, 0x0000000800000000)
  region size 1024K, 5 young (5120K), 5 survivors (5120K)
 Metaspace       used 15745K, capacity 16292K, committed 16384K, reserved 1062912K
  class space    used 1980K, capacity 2256K, committed 2304K, reserved 1048576K
}

